<?xml version="1.0" encoding="UTF-8"?>
<robot generator="Robot 4.1.3 (Python 3.8.10 on linux)" generated="20211216 18:12:48.014" rpa="false" schemaversion="2">
<suite id="s1" name="CreateCharacters" source="/home/prototype/workspace/projects/marvel-api-test/CreateCharacters.robot">
<test id="s1-t1" name="Deve cadastrar um personagem">
<kw name="Account And Set headers">
<arg>santos.michaelbrendo@gmail.com</arg>
<kw name="Create Dictionary" library="BuiltIn">
<var>&amp;{usuario}</var>
<arg>email=${email}</arg>
<doc>Creates and returns a dictionary based on the given ``items``.</doc>
<msg timestamp="20211216 18:12:48.155" level="INFO">&amp;{usuario} = { email=santos.michaelbrendo@gmail.com }</msg>
<status status="PASS" starttime="20211216 18:12:48.155" endtime="20211216 18:12:48.155"/>
</kw>
<kw name="POST" library="RequestsLibrary">
<var>${response}</var>
<arg>http://marvel.qaninja.academy/accounts</arg>
<arg>json=${usuario}</arg>
<doc>Sends a POST request.</doc>
<msg timestamp="20211216 18:12:48.463" level="INFO">POST Request : url=http://marvel.qaninja.academy/accounts 
 path_url=/accounts 
 headers={'User-Agent': 'python-requests/2.22.0', 'Accept-Encoding': 'gzip, deflate', 'Accept': '*/*', 'Connection': 'keep-alive', 'Content-Length': '43', 'Content-Type': 'application/json'} 
 body=b'{"email": "santos.michaelbrendo@gmail.com"}' 
 </msg>
<msg timestamp="20211216 18:12:48.463" level="INFO">POST Response : url=http://marvel.qaninja.academy/accounts 
 status=200, reason=OK 
 headers={'Server': 'Cowboy', 'Connection': 'keep-alive', 'X-Powered-By': 'Express', 'Access-Control-Allow-Origin': '*', 'Content-Type': 'application/json; charset=utf-8', 'Content-Length': '41', 'Etag': 'W/"29-72wLc52vGv+oZOcKXovcDyKSmvU"', 'Date': 'Thu, 16 Dec 2021 21:12:48 GMT', 'Via': '1.1 vegur'} 
 body={"client_key":"61bba14dbfb4af00166e9ce5"} 
 </msg>
<msg timestamp="20211216 18:12:48.463" level="INFO">${response} = &lt;Response [200]&gt;</msg>
<status status="PASS" starttime="20211216 18:12:48.155" endtime="20211216 18:12:48.463"/>
</kw>
<kw name="Set Variable" library="BuiltIn">
<var>${client_key}</var>
<arg>${response.json()}[client_key]</arg>
<doc>Returns the given values which can then be assigned to a variables.</doc>
<msg timestamp="20211216 18:12:48.465" level="INFO">${client_key} = 61bba14dbfb4af00166e9ce5</msg>
<status status="PASS" starttime="20211216 18:12:48.463" endtime="20211216 18:12:48.465"/>
</kw>
<kw name="Create Dictionary" library="BuiltIn">
<var>&amp;{HEADERS}</var>
<arg>client_key=${client_key}</arg>
<doc>Creates and returns a dictionary based on the given ``items``.</doc>
<msg timestamp="20211216 18:12:48.466" level="INFO">&amp;{HEADERS} = { client_key=61bba14dbfb4af00166e9ce5 }</msg>
<status status="PASS" starttime="20211216 18:12:48.465" endtime="20211216 18:12:48.466"/>
</kw>
<kw name="Set Suite Variable" library="BuiltIn">
<arg>${HEADERS}</arg>
<doc>Makes a variable available everywhere within the scope of the current suite.</doc>
<msg timestamp="20211216 18:12:48.467" level="INFO">${HEADERS} = {'client_key': '61bba14dbfb4af00166e9ce5'}</msg>
<status status="PASS" starttime="20211216 18:12:48.466" endtime="20211216 18:12:48.467"/>
</kw>
<status status="PASS" starttime="20211216 18:12:48.154" endtime="20211216 18:12:48.467"/>
</kw>
<kw name="Factory Thanos" library="Thanos">
<var>&amp;{personagem}</var>
<msg timestamp="20211216 18:12:48.468" level="INFO">&amp;{personagem} = { name=Joseph Tate | aliases=Thanos | age=3000 | team=Ordem Negra | active=False }</msg>
<status status="PASS" starttime="20211216 18:12:48.468" endtime="20211216 18:12:48.468"/>
</kw>
<kw name="POST" library="RequestsLibrary">
<var>${response}</var>
<arg>http://marvel.qaninja.academy/characters</arg>
<arg>json=${personagem}</arg>
<arg>headers=${headers}</arg>
<doc>Sends a POST request.</doc>
<msg timestamp="20211216 18:12:48.758" level="INFO">POST Request : url=http://marvel.qaninja.academy/characters 
 path_url=/characters 
 headers={'User-Agent': 'python-requests/2.22.0', 'Accept-Encoding': 'gzip, deflate', 'Accept': '*/*', 'Connection': 'keep-alive', 'client_key': '61bba14dbfb4af00166e9ce5', 'Content-Length': '97', 'Content-Type': 'application/json'} 
 body=b'{"name": "Joseph Tate", "aliases": "Thanos", "age": 3000, "team": "Ordem Negra", "active": false}' 
 </msg>
<msg timestamp="20211216 18:12:48.758" level="INFO">POST Response : url=http://marvel.qaninja.academy/characters 
 status=200, reason=OK 
 headers={'Server': 'Cowboy', 'Connection': 'keep-alive', 'X-Powered-By': 'Express', 'Access-Control-Allow-Origin': '*', 'Content-Type': 'application/json; charset=utf-8', 'Content-Length': '156', 'Etag': 'W/"9c-IRhzIZJync21NuzYTWTqs0h8hAg"', 'Date': 'Thu, 16 Dec 2021 21:12:48 GMT', 'Via': '1.1 vegur'} 
 body={"_id":"61bbabd0bfb4af00166e9cfd","name":"Joseph Tate","age":3000,"aliases":"Thanos","team":"Ordem Negra","active":false,"owner":"61bba14dbfb4af00166e9ce5"} 
 </msg>
<msg timestamp="20211216 18:12:48.758" level="INFO">${response} = &lt;Response [200]&gt;</msg>
<status status="PASS" starttime="20211216 18:12:48.469" endtime="20211216 18:12:48.758"/>
</kw>
<kw name="Status Should Be" library="RequestsLibrary">
<arg>200</arg>
<doc>Fails if response status code is different than the expected.</doc>
<status status="PASS" starttime="20211216 18:12:48.759" endtime="20211216 18:12:48.759"/>
</kw>
<status status="PASS" starttime="20211216 18:12:48.154" endtime="20211216 18:12:48.760"/>
</test>
<doc>Suite de teste de cadastro de personagens</doc>
<status status="PASS" starttime="20211216 18:12:48.015" endtime="20211216 18:12:48.761"/>
</suite>
<statistics>
<total>
<stat pass="1" fail="0" skip="0">All Tests</stat>
</total>
<tag>
</tag>
<suite>
<stat pass="1" fail="0" skip="0" id="s1" name="CreateCharacters">CreateCharacters</stat>
</suite>
</statistics>
<errors>
</errors>
</robot>
