<?xml version="1.0" encoding="UTF-8"?>
<robot generator="Robot 4.1.3 (Python 3.8.10 on linux)" generated="20211217 01:04:00.048" rpa="false" schemaversion="2">
<suite id="s1" name="CreateCharacters" source="/home/prototype/workspace/projects/marvel-api-test/specs/CreateCharacters.robot">
<test id="s1-t1" name="Deve cadastrar um personagem">
<kw name="Set Client Key" library="base">
<arg>santos.michaelbrendo@gmail.com</arg>
<kw name="Create Dictionary" library="BuiltIn">
<var>&amp;{usuario}</var>
<arg>email=${email}</arg>
<doc>Creates and returns a dictionary based on the given ``items``.</doc>
<msg timestamp="20211217 01:04:00.172" level="INFO">&amp;{usuario} = { email=santos.michaelbrendo@gmail.com }</msg>
<status status="PASS" starttime="20211217 01:04:00.172" endtime="20211217 01:04:00.172"/>
</kw>
<kw name="POST" library="RequestsLibrary">
<var>${response}</var>
<arg>${BASE_URI}/accounts</arg>
<arg>json=${usuario}</arg>
<doc>Sends a POST request.</doc>
<msg timestamp="20211217 01:04:00.463" level="INFO">POST Request : url=http://marvel.qaninja.academy/accounts 
 path_url=/accounts 
 headers={'User-Agent': 'python-requests/2.22.0', 'Accept-Encoding': 'gzip, deflate', 'Accept': '*/*', 'Connection': 'keep-alive', 'Content-Length': '43', 'Content-Type': 'application/json'} 
 body=b'{"email": "santos.michaelbrendo@gmail.com"}' 
 </msg>
<msg timestamp="20211217 01:04:00.463" level="INFO">POST Response : url=http://marvel.qaninja.academy/accounts 
 status=200, reason=OK 
 headers={'Server': 'Cowboy', 'Connection': 'keep-alive', 'X-Powered-By': 'Express', 'Access-Control-Allow-Origin': '*', 'Content-Type': 'application/json; charset=utf-8', 'Content-Length': '41', 'Etag': 'W/"29-72wLc52vGv+oZOcKXovcDyKSmvU"', 'Date': 'Fri, 17 Dec 2021 04:04:00 GMT', 'Via': '1.1 vegur'} 
 body={"client_key":"61bba14dbfb4af00166e9ce5"} 
 </msg>
<msg timestamp="20211217 01:04:00.463" level="INFO">${response} = &lt;Response [200]&gt;</msg>
<status status="PASS" starttime="20211217 01:04:00.172" endtime="20211217 01:04:00.463"/>
</kw>
<kw name="Set Variable" library="BuiltIn">
<var>${client_key}</var>
<arg>${response.json()}[client_key]</arg>
<doc>Returns the given values which can then be assigned to a variables.</doc>
<msg timestamp="20211217 01:04:00.465" level="INFO">${client_key} = 61bba14dbfb4af00166e9ce5</msg>
<status status="PASS" starttime="20211217 01:04:00.464" endtime="20211217 01:04:00.465"/>
</kw>
<kw name="Create Dictionary" library="BuiltIn">
<var>&amp;{HEADERS}</var>
<arg>client_key=${client_key}</arg>
<doc>Creates and returns a dictionary based on the given ``items``.</doc>
<msg timestamp="20211217 01:04:00.466" level="INFO">&amp;{HEADERS} = { client_key=61bba14dbfb4af00166e9ce5 }</msg>
<status status="PASS" starttime="20211217 01:04:00.465" endtime="20211217 01:04:00.466"/>
</kw>
<kw name="Set Suite Variable" library="BuiltIn">
<arg>${HEADERS}</arg>
<doc>Makes a variable available everywhere within the scope of the current suite.</doc>
<msg timestamp="20211217 01:04:00.467" level="INFO">${HEADERS} = {'client_key': '61bba14dbfb4af00166e9ce5'}</msg>
<status status="PASS" starttime="20211217 01:04:00.466" endtime="20211217 01:04:00.467"/>
</kw>
<status status="PASS" starttime="20211217 01:04:00.171" endtime="20211217 01:04:00.467"/>
</kw>
<kw name="Factory Thanos" library="Thanos">
<var>&amp;{personagem}</var>
<msg timestamp="20211217 01:04:00.468" level="INFO">&amp;{personagem} = { name=Chelsea Benton | aliases=Thanos | age=3000 | team=Ordem Negra | active=False }</msg>
<status status="PASS" starttime="20211217 01:04:00.467" endtime="20211217 01:04:00.468"/>
</kw>
<kw name="POST New Characters" library="Characters">
<var>${response}</var>
<arg>${personagem}</arg>
<kw name="POST" library="RequestsLibrary">
<var>${response}</var>
<arg>${BASE_URI}/characters</arg>
<arg>json=${payload}</arg>
<arg>headers=${HEADERS}</arg>
<arg>expected_status=any</arg>
<doc>Sends a POST request.</doc>
<msg timestamp="20211217 01:04:00.754" level="INFO">POST Request : url=http://marvel.qaninja.academy/characters 
 path_url=/characters 
 headers={'User-Agent': 'python-requests/2.22.0', 'Accept-Encoding': 'gzip, deflate', 'Accept': '*/*', 'Connection': 'keep-alive', 'client_key': '61bba14dbfb4af00166e9ce5', 'Content-Length': '100', 'Content-Type': 'application/json'} 
 body=b'{"name": "Chelsea Benton", "aliases": "Thanos", "age": 3000, "team": "Ordem Negra", "active": false}' 
 </msg>
<msg timestamp="20211217 01:04:00.755" level="INFO">POST Response : url=http://marvel.qaninja.academy/characters 
 status=200, reason=OK 
 headers={'Server': 'Cowboy', 'Connection': 'keep-alive', 'X-Powered-By': 'Express', 'Access-Control-Allow-Origin': '*', 'Content-Type': 'application/json; charset=utf-8', 'Content-Length': '159', 'Etag': 'W/"9f-oKiKq6R01HWoBGoGbOHeQaLee3w"', 'Date': 'Fri, 17 Dec 2021 04:04:00 GMT', 'Via': '1.1 vegur'} 
 body={"_id":"61bc0c3070272e0016ab2570","name":"Chelsea Benton","age":3000,"aliases":"Thanos","team":"Ordem Negra","active":false,"owner":"61bba14dbfb4af00166e9ce5"} 
 </msg>
<msg timestamp="20211217 01:04:00.755" level="INFO">${response} = &lt;Response [200]&gt;</msg>
<status status="PASS" starttime="20211217 01:04:00.469" endtime="20211217 01:04:00.755"/>
</kw>
<msg timestamp="20211217 01:04:00.755" level="INFO">${response} = &lt;Response [200]&gt;</msg>
<status status="PASS" starttime="20211217 01:04:00.469" endtime="20211217 01:04:00.755"/>
</kw>
<kw name="Status Should Be" library="RequestsLibrary">
<arg>200</arg>
<arg>${response}</arg>
<doc>Fails if response status code is different than the expected.</doc>
<status status="PASS" starttime="20211217 01:04:00.756" endtime="20211217 01:04:00.756"/>
</kw>
<status status="PASS" starttime="20211217 01:04:00.171" endtime="20211217 01:04:00.757"/>
</test>
<test id="s1-t2" name="Não deve cadastrar personagem com o mesmo nome">
<kw name="Factory Thanos" library="Thanos">
<var>${personagem}</var>
<msg timestamp="20211217 01:04:00.758" level="INFO">${personagem} = {'name': 'Carla Peters MD', 'aliases': 'Thanos', 'age': 3000, 'team': 'Ordem Negra', 'active': False}</msg>
<status status="PASS" starttime="20211217 01:04:00.758" endtime="20211217 01:04:00.759"/>
</kw>
<kw name="POST New Characters" library="Characters">
<arg>${personagem}</arg>
<kw name="POST" library="RequestsLibrary">
<var>${response}</var>
<arg>${BASE_URI}/characters</arg>
<arg>json=${payload}</arg>
<arg>headers=${HEADERS}</arg>
<arg>expected_status=any</arg>
<doc>Sends a POST request.</doc>
<msg timestamp="20211217 01:04:01.048" level="INFO">POST Request : url=http://marvel.qaninja.academy/characters 
 path_url=/characters 
 headers={'User-Agent': 'python-requests/2.22.0', 'Accept-Encoding': 'gzip, deflate', 'Accept': '*/*', 'Connection': 'keep-alive', 'client_key': '61bba14dbfb4af00166e9ce5', 'Content-Length': '101', 'Content-Type': 'application/json'} 
 body=b'{"name": "Carla Peters MD", "aliases": "Thanos", "age": 3000, "team": "Ordem Negra", "active": false}' 
 </msg>
<msg timestamp="20211217 01:04:01.048" level="INFO">POST Response : url=http://marvel.qaninja.academy/characters 
 status=200, reason=OK 
 headers={'Server': 'Cowboy', 'Connection': 'keep-alive', 'X-Powered-By': 'Express', 'Access-Control-Allow-Origin': '*', 'Content-Type': 'application/json; charset=utf-8', 'Content-Length': '160', 'Etag': 'W/"a0-2irT3nMlgQI9WqqyLRh7u446LGo"', 'Date': 'Fri, 17 Dec 2021 04:04:00 GMT', 'Via': '1.1 vegur'} 
 body={"_id":"61bc0c3070272e0016ab2574","name":"Carla Peters MD","age":3000,"aliases":"Thanos","team":"Ordem Negra","active":false,"owner":"61bba14dbfb4af00166e9ce5"} 
 </msg>
<msg timestamp="20211217 01:04:01.048" level="INFO">${response} = &lt;Response [200]&gt;</msg>
<status status="PASS" starttime="20211217 01:04:00.759" endtime="20211217 01:04:01.048"/>
</kw>
<status status="PASS" starttime="20211217 01:04:00.759" endtime="20211217 01:04:01.049"/>
</kw>
<kw name="POST New Characters" library="Characters">
<var>${response}</var>
<arg>${personagem}</arg>
<kw name="POST" library="RequestsLibrary">
<var>${response}</var>
<arg>${BASE_URI}/characters</arg>
<arg>json=${payload}</arg>
<arg>headers=${HEADERS}</arg>
<arg>expected_status=any</arg>
<doc>Sends a POST request.</doc>
<msg timestamp="20211217 01:04:01.332" level="INFO">POST Request : url=http://marvel.qaninja.academy/characters 
 path_url=/characters 
 headers={'User-Agent': 'python-requests/2.22.0', 'Accept-Encoding': 'gzip, deflate', 'Accept': '*/*', 'Connection': 'keep-alive', 'client_key': '61bba14dbfb4af00166e9ce5', 'Content-Length': '101', 'Content-Type': 'application/json'} 
 body=b'{"name": "Carla Peters MD", "aliases": "Thanos", "age": 3000, "team": "Ordem Negra", "active": false}' 
 </msg>
<msg timestamp="20211217 01:04:01.332" level="INFO">POST Response : url=http://marvel.qaninja.academy/characters 
 status=409, reason=Conflict 
 headers={'Server': 'Cowboy', 'Connection': 'keep-alive', 'X-Powered-By': 'Express', 'Access-Control-Allow-Origin': '*', 'Content-Type': 'application/json; charset=utf-8', 'Content-Length': '39', 'Etag': 'W/"27-u8CjYCAAYHK/l+EQR0JyKi0LQGU"', 'Date': 'Fri, 17 Dec 2021 04:04:01 GMT', 'Via': '1.1 vegur'} 
 body={"error":"Character already exists :("} 
 </msg>
<msg timestamp="20211217 01:04:01.333" level="INFO">${response} = &lt;Response [409]&gt;</msg>
<status status="PASS" starttime="20211217 01:04:01.050" endtime="20211217 01:04:01.333"/>
</kw>
<msg timestamp="20211217 01:04:01.333" level="INFO">${response} = &lt;Response [409]&gt;</msg>
<status status="PASS" starttime="20211217 01:04:01.049" endtime="20211217 01:04:01.333"/>
</kw>
<kw name="Status Should Be" library="RequestsLibrary">
<arg>409</arg>
<arg>${response}</arg>
<doc>Fails if response status code is different than the expected.</doc>
<status status="PASS" starttime="20211217 01:04:01.334" endtime="20211217 01:04:01.334"/>
</kw>
<kw name="Should Be Equal" library="BuiltIn">
<arg>Character already exists :(</arg>
<arg>${response.json()}[error]</arg>
<doc>Fails if the given objects are unequal.</doc>
<status status="PASS" starttime="20211217 01:04:01.334" endtime="20211217 01:04:01.336"/>
</kw>
<status status="PASS" starttime="20211217 01:04:00.757" endtime="20211217 01:04:01.336"/>
</test>
<doc>Suite de teste de cadastro de personagens</doc>
<status status="PASS" starttime="20211217 01:04:00.049" endtime="20211217 01:04:01.337"/>
</suite>
<statistics>
<total>
<stat pass="2" fail="0" skip="0">All Tests</stat>
</total>
<tag>
</tag>
<suite>
<stat pass="2" fail="0" skip="0" id="s1" name="CreateCharacters">CreateCharacters</stat>
</suite>
</statistics>
<errors>
</errors>
</robot>
