<?xml version="1.0" encoding="UTF-8"?>
<robot generator="Robot 4.1.3 (Python 3.8.10 on linux)" generated="20211217 16:43:37.772" rpa="false" schemaversion="2">
<suite id="s1" name="CreateCharacters" source="/home/prototype/workspace/projects/marvel-api-test/specs/CreateCharacters.robot">
<kw name="Super Setup" library="base" type="SETUP">
<arg>santos.michaelbrendo@gmail.com</arg>
<kw name="Set Client Key" library="base">
<arg>${email}</arg>
<kw name="Create Dictionary" library="BuiltIn">
<var>&amp;{usuario}</var>
<arg>email=${email}</arg>
<doc>Creates and returns a dictionary based on the given ``items``.</doc>
<msg timestamp="20211217 16:43:37.897" level="INFO">&amp;{usuario} = { email=santos.michaelbrendo@gmail.com }</msg>
<status status="PASS" starttime="20211217 16:43:37.896" endtime="20211217 16:43:37.897"/>
</kw>
<kw name="POST" library="RequestsLibrary">
<var>${response}</var>
<arg>${API_URI}/accounts</arg>
<arg>json=${usuario}</arg>
<doc>Sends a POST request.</doc>
<msg timestamp="20211217 16:43:38.288" level="INFO">POST Request : url=http://marvel.qaninja.academy/accounts 
 path_url=/accounts 
 headers={'User-Agent': 'python-requests/2.22.0', 'Accept-Encoding': 'gzip, deflate', 'Accept': '*/*', 'Connection': 'keep-alive', 'Content-Length': '43', 'Content-Type': 'application/json'} 
 body=b'{"email": "santos.michaelbrendo@gmail.com"}' 
 </msg>
<msg timestamp="20211217 16:43:38.288" level="INFO">POST Response : url=http://marvel.qaninja.academy/accounts 
 status=200, reason=OK 
 headers={'Server': 'Cowboy', 'Connection': 'keep-alive', 'X-Powered-By': 'Express', 'Access-Control-Allow-Origin': '*', 'Content-Type': 'application/json; charset=utf-8', 'Content-Length': '41', 'Etag': 'W/"29-72wLc52vGv+oZOcKXovcDyKSmvU"', 'Date': 'Fri, 17 Dec 2021 19:43:38 GMT', 'Via': '1.1 vegur'} 
 body={"client_key":"61bba14dbfb4af00166e9ce5"} 
 </msg>
<msg timestamp="20211217 16:43:38.288" level="INFO">${response} = &lt;Response [200]&gt;</msg>
<status status="PASS" starttime="20211217 16:43:37.897" endtime="20211217 16:43:38.288"/>
</kw>
<kw name="Set Variable" library="BuiltIn">
<var>${client_key}</var>
<arg>${response.json()}[client_key]</arg>
<doc>Returns the given values which can then be assigned to a variables.</doc>
<msg timestamp="20211217 16:43:38.290" level="INFO">${client_key} = 61bba14dbfb4af00166e9ce5</msg>
<status status="PASS" starttime="20211217 16:43:38.288" endtime="20211217 16:43:38.290"/>
</kw>
<kw name="Create Dictionary" library="BuiltIn">
<var>&amp;{HEADERS}</var>
<arg>client_key=${client_key}</arg>
<doc>Creates and returns a dictionary based on the given ``items``.</doc>
<msg timestamp="20211217 16:43:38.291" level="INFO">&amp;{HEADERS} = { client_key=61bba14dbfb4af00166e9ce5 }</msg>
<status status="PASS" starttime="20211217 16:43:38.290" endtime="20211217 16:43:38.291"/>
</kw>
<kw name="Set Suite Variable" library="BuiltIn">
<arg>${HEADERS}</arg>
<doc>Makes a variable available everywhere within the scope of the current suite.</doc>
<msg timestamp="20211217 16:43:38.292" level="INFO">${HEADERS} = {'client_key': '61bba14dbfb4af00166e9ce5'}</msg>
<status status="PASS" starttime="20211217 16:43:38.291" endtime="20211217 16:43:38.292"/>
</kw>
<status status="PASS" starttime="20211217 16:43:37.896" endtime="20211217 16:43:38.292"/>
</kw>
<kw name="Back To The Past" library="base">
<kw name="DELETE" library="RequestsLibrary">
<arg>${API_URI}/delorean</arg>
<arg>headers=${HEADERS}</arg>
<doc>Sends a DELETE request.</doc>
<msg timestamp="20211217 16:43:38.584" level="INFO">DELETE Request : url=http://marvel.qaninja.academy/delorean 
 path_url=/delorean 
 headers={'User-Agent': 'python-requests/2.22.0', 'Accept-Encoding': 'gzip, deflate', 'Accept': '*/*', 'Connection': 'keep-alive', 'client_key': '61bba14dbfb4af00166e9ce5', 'Content-Length': '0'} 
 body=None 
 </msg>
<msg timestamp="20211217 16:43:38.585" level="INFO">DELETE Response : url=http://marvel.qaninja.academy/delorean 
 status=200, reason=OK 
 headers={'Server': 'Cowboy', 'Connection': 'keep-alive', 'X-Powered-By': 'Express', 'Access-Control-Allow-Origin': '*', 'Content-Type': 'application/json; charset=utf-8', 'Content-Length': '31', 'Etag': 'W/"1f-ImqlboUfbv1n1FbEV48J/4RvhGg"', 'Date': 'Fri, 17 Dec 2021 19:43:38 GMT', 'Via': '1.1 vegur'} 
 body={"message":"Avengers Assemble"} 
 </msg>
<status status="PASS" starttime="20211217 16:43:38.292" endtime="20211217 16:43:38.585"/>
</kw>
<status status="PASS" starttime="20211217 16:43:38.292" endtime="20211217 16:43:38.585"/>
</kw>
<status status="PASS" starttime="20211217 16:43:37.896" endtime="20211217 16:43:38.585"/>
</kw>
<test id="s1-t1" name="Deve cadastrar um personagem">
<kw name="Factory Thanos" library="Guardians">
<var>&amp;{personagem}</var>
<msg timestamp="20211217 16:43:38.587" level="INFO">&amp;{personagem} = { name=Alicia Howell | aliases=Thanos | age=3000 | team=Ordem Negra | active=False }</msg>
<status status="PASS" starttime="20211217 16:43:38.586" endtime="20211217 16:43:38.587"/>
</kw>
<kw name="POST New Characters" library="Characters">
<var>${response}</var>
<arg>${personagem}</arg>
<kw name="POST" library="RequestsLibrary">
<var>${response}</var>
<arg>${API_URI}/characters</arg>
<arg>json=${payload}</arg>
<arg>headers=${HEADERS}</arg>
<arg>expected_status=any</arg>
<doc>Sends a POST request.</doc>
<msg timestamp="20211217 16:43:38.874" level="INFO">POST Request : url=http://marvel.qaninja.academy/characters 
 path_url=/characters 
 headers={'User-Agent': 'python-requests/2.22.0', 'Accept-Encoding': 'gzip, deflate', 'Accept': '*/*', 'Connection': 'keep-alive', 'client_key': '61bba14dbfb4af00166e9ce5', 'Content-Length': '99', 'Content-Type': 'application/json'} 
 body=b'{"name": "Alicia Howell", "aliases": "Thanos", "age": 3000, "team": "Ordem Negra", "active": false}' 
 </msg>
<msg timestamp="20211217 16:43:38.874" level="INFO">POST Response : url=http://marvel.qaninja.academy/characters 
 status=200, reason=OK 
 headers={'Server': 'Cowboy', 'Connection': 'keep-alive', 'X-Powered-By': 'Express', 'Access-Control-Allow-Origin': '*', 'Content-Type': 'application/json; charset=utf-8', 'Content-Length': '158', 'Etag': 'W/"9e-2fP1tmHeNDwvh+flB3XuUKY6aPw"', 'Date': 'Fri, 17 Dec 2021 19:43:38 GMT', 'Via': '1.1 vegur'} 
 body={"_id":"61bce86a16645c0016afd6a4","name":"Alicia Howell","age":3000,"aliases":"Thanos","team":"Ordem Negra","active":false,"owner":"61bba14dbfb4af00166e9ce5"} 
 </msg>
<msg timestamp="20211217 16:43:38.875" level="INFO">${response} = &lt;Response [200]&gt;</msg>
<status status="PASS" starttime="20211217 16:43:38.588" endtime="20211217 16:43:38.875"/>
</kw>
<msg timestamp="20211217 16:43:38.875" level="INFO">${response} = &lt;Response [200]&gt;</msg>
<status status="PASS" starttime="20211217 16:43:38.587" endtime="20211217 16:43:38.875"/>
</kw>
<kw name="Status Should Be" library="RequestsLibrary">
<arg>200</arg>
<arg>${response}</arg>
<doc>Fails if response status code is different than the expected.</doc>
<status status="PASS" starttime="20211217 16:43:38.875" endtime="20211217 16:43:38.876"/>
</kw>
<status status="PASS" starttime="20211217 16:43:38.585" endtime="20211217 16:43:38.876"/>
</test>
<test id="s1-t2" name="Não deve cadastrar personagem com o mesmo nome">
<kw name="Factory Deadpool" library="Guardians">
<var>${personagem}</var>
<msg timestamp="20211217 16:43:38.878" level="INFO">${personagem} = {'name': 'Wade Wilson', 'aliases': 'Deadpool', 'age': 45, 'team': 'X-Force', 'active': True}</msg>
<status status="PASS" starttime="20211217 16:43:38.878" endtime="20211217 16:43:38.878"/>
</kw>
<kw name="POST New Characters" library="Characters">
<arg>${personagem}</arg>
<kw name="POST" library="RequestsLibrary">
<var>${response}</var>
<arg>${API_URI}/characters</arg>
<arg>json=${payload}</arg>
<arg>headers=${HEADERS}</arg>
<arg>expected_status=any</arg>
<doc>Sends a POST request.</doc>
<msg timestamp="20211217 16:43:39.170" level="INFO">POST Request : url=http://marvel.qaninja.academy/characters 
 path_url=/characters 
 headers={'User-Agent': 'python-requests/2.22.0', 'Accept-Encoding': 'gzip, deflate', 'Accept': '*/*', 'Connection': 'keep-alive', 'client_key': '61bba14dbfb4af00166e9ce5', 'Content-Length': '92', 'Content-Type': 'application/json'} 
 body=b'{"name": "Wade Wilson", "aliases": "Deadpool", "age": 45, "team": "X-Force", "active": true}' 
 </msg>
<msg timestamp="20211217 16:43:39.170" level="INFO">POST Response : url=http://marvel.qaninja.academy/characters 
 status=200, reason=OK 
 headers={'Server': 'Cowboy', 'Connection': 'keep-alive', 'X-Powered-By': 'Express', 'Access-Control-Allow-Origin': '*', 'Content-Type': 'application/json; charset=utf-8', 'Content-Length': '151', 'Etag': 'W/"97-jroG58wctBsbGUHJ+EV5FSsLnKY"', 'Date': 'Fri, 17 Dec 2021 19:43:39 GMT', 'Via': '1.1 vegur'} 
 body={"_id":"61bce86b16645c0016afd6a8","name":"Wade Wilson","age":45,"aliases":"Deadpool","team":"X-Force","active":true,"owner":"61bba14dbfb4af00166e9ce5"} 
 </msg>
<msg timestamp="20211217 16:43:39.170" level="INFO">${response} = &lt;Response [200]&gt;</msg>
<status status="PASS" starttime="20211217 16:43:38.879" endtime="20211217 16:43:39.171"/>
</kw>
<status status="PASS" starttime="20211217 16:43:38.878" endtime="20211217 16:43:39.171"/>
</kw>
<kw name="POST New Characters" library="Characters">
<var>${response}</var>
<arg>${personagem}</arg>
<kw name="POST" library="RequestsLibrary">
<var>${response}</var>
<arg>${API_URI}/characters</arg>
<arg>json=${payload}</arg>
<arg>headers=${HEADERS}</arg>
<arg>expected_status=any</arg>
<doc>Sends a POST request.</doc>
<msg timestamp="20211217 16:43:39.452" level="INFO">POST Request : url=http://marvel.qaninja.academy/characters 
 path_url=/characters 
 headers={'User-Agent': 'python-requests/2.22.0', 'Accept-Encoding': 'gzip, deflate', 'Accept': '*/*', 'Connection': 'keep-alive', 'client_key': '61bba14dbfb4af00166e9ce5', 'Content-Length': '92', 'Content-Type': 'application/json'} 
 body=b'{"name": "Wade Wilson", "aliases": "Deadpool", "age": 45, "team": "X-Force", "active": true}' 
 </msg>
<msg timestamp="20211217 16:43:39.452" level="INFO">POST Response : url=http://marvel.qaninja.academy/characters 
 status=409, reason=Conflict 
 headers={'Server': 'Cowboy', 'Connection': 'keep-alive', 'X-Powered-By': 'Express', 'Access-Control-Allow-Origin': '*', 'Content-Type': 'application/json; charset=utf-8', 'Content-Length': '39', 'Etag': 'W/"27-u8CjYCAAYHK/l+EQR0JyKi0LQGU"', 'Date': 'Fri, 17 Dec 2021 19:43:39 GMT', 'Via': '1.1 vegur'} 
 body={"error":"Character already exists :("} 
 </msg>
<msg timestamp="20211217 16:43:39.453" level="INFO">${response} = &lt;Response [409]&gt;</msg>
<status status="PASS" starttime="20211217 16:43:39.172" endtime="20211217 16:43:39.453"/>
</kw>
<msg timestamp="20211217 16:43:39.453" level="INFO">${response} = &lt;Response [409]&gt;</msg>
<status status="PASS" starttime="20211217 16:43:39.171" endtime="20211217 16:43:39.453"/>
</kw>
<kw name="Status Should Be" library="RequestsLibrary">
<arg>409</arg>
<arg>${response}</arg>
<doc>Fails if response status code is different than the expected.</doc>
<status status="PASS" starttime="20211217 16:43:39.454" endtime="20211217 16:43:39.454"/>
</kw>
<kw name="Should Be Equal" library="BuiltIn">
<arg>Character already exists :(</arg>
<arg>${response.json()}[error]</arg>
<doc>Fails if the given objects are unequal.</doc>
<status status="PASS" starttime="20211217 16:43:39.454" endtime="20211217 16:43:39.456"/>
</kw>
<tag>dup</tag>
<status status="PASS" starttime="20211217 16:43:38.877" endtime="20211217 16:43:39.456"/>
</test>
<doc>Suite de teste cadastro de personagens</doc>
<status status="PASS" starttime="20211217 16:43:37.774" endtime="20211217 16:43:39.457"/>
</suite>
<statistics>
<total>
<stat pass="2" fail="0" skip="0">All Tests</stat>
</total>
<tag>
<stat pass="1" fail="0" skip="0">dup</stat>
</tag>
<suite>
<stat pass="2" fail="0" skip="0" id="s1" name="CreateCharacters">CreateCharacters</stat>
</suite>
</statistics>
<errors>
</errors>
</robot>
